quirement already satisfied: packaging>=19.1 in ./venv/lib/python3.12/site-packages (from build>=1.0.0->pip-tools) (24.2)
ðŸ“¦ Gerando lockfile de dependÃªncias...
  ERROR: Cannot install -r requirements.in (line 43), langchain-core<0.4.0 and >=0.2.43 and openai<2.0.0 and >=1.3.7 because these package versions have conflicting dependencies.
Traceback (most recent call last):
  File "/opt/privacy/venv/lib/python3.12/site-packages/pip/_internal/resolution/resolvelib/resolver.py", line 96, in resolve
    result = self._result = resolver.resolve(
                            ^^^^^^^^^^^^^^^^^
  File "/opt/privacy/venv/lib/python3.12/site-packages/pip/_vendor/resolvelib/resolvers/resolution.py", line 515, in resolve
    state = resolution.resolve(requirements, max_rounds=max_rounds)
            ^^^^^^^^^^^^^^^^^^^^^^^^^^^^^^^^^^^^^^^^^^^^^^^^^^^^^^^
  File "/opt/privacy/venv/lib/python3.12/site-packages/pip/_vendor/resolvelib/resolvers/resolution.py", line 456, in resolve
    raise ResolutionImpossible(self.state.backtrack_causes)
pip._vendor.resolvelib.resolvers.exceptions.ResolutionImpossible: [RequirementInformation(requirement=SpecifierRequirement('langchain-core<0.4.0,>=0.2.43'), parent=None), RequirementInformation(requirement=SpecifierRequirement('langchain-core<1.0.0,>=0.3.66'), parent=LinkCandidate('https://files.pythonhosted.org/packages/aa/31/1f0baf6490b082bf4d06f355c5e9c28728931dbf321f3ca03137617a692e/langchain_openai-0.3.27-py3-none-any.whl (from https://pypi.org/simple/langchain-openai/) (requires-python:>=3.9)')), RequirementInformation(requirement=SpecifierRequirement('langchain-core<1.0.0,>=0.3.66'), parent=LinkCandidate('https://files.pythonhosted.org/packages/22/bc/8e6c720a89ebb10faacd78e4e593055df4fa72390b182499bcf06fb6932b/langchain_openai-0.3.26-py3-none-any.whl (from https://pypi.org/simple/langchain-openai/) (requires-python:>=3.9)')), RequirementInformation(requirement=SpecifierRequirement('langchain-core<1.0.0,>=0.3.66'), parent=LinkCandidate('https://files.pythonhosted.org/packages/65/bd/87b77f001f8aa90a54d9390c29ad462cd9f379d0ae57e125e0d079e8a57a/langchain_openai-0.3.25-py3-none-any.whl (from https://pypi.org/simple/langchain-openai/) (requires-python:>=3.9)')), RequirementInformation(requirement=SpecifierRequirement('openai<2.0.0,>=1.3.7'), parent=None), RequirementInformation(requirement=SpecifierRequirement('openai<2.0.0,>=1.86.0'), parent=LinkCandidate('https://files.pythonhosted.org/packages/fc/9b/b8f86d78dbc651decd684ab938a1340e1ad3ba1dbcef805e12db65dee0ba/langchain_openai-0.3.24-py3-none-any.whl (from https://pypi.org/simple/langchain-openai/) (requires-python:>=3.9)')), RequirementInformation(requirement=SpecifierRequirement('openai<2.0.0,>=1.68.2'), parent=LinkCandidate('https://files.pythonhosted.org/packages/71/65/88060305d5d627841bc8da7e9fb31fb603e5b103b4e5ec5b4d1a7edfbc3b/langchain_openai-0.3.23-py3-none-any.whl (from https://pypi.org/simple/langchain-openai/) (requires-python:>=3.9)')), RequirementInformation(requirement=SpecifierRequirement('openai<2.0.0,>=1.68.2'), parent=LinkCandidate('https://files.pythonhosted.org/packages/ec/dd/effc847fd55b808d04f7e453d1e4bd3dc813708113ee283055e77be6d651/langchain_openai-0.3.22-py3-none-any.whl (from https://pypi.org/simple/langchain-openai/) (requires-python:>=3.9)')), RequirementInformation(requirement=SpecifierRequirement('openai<2.0.0,>=1.68.2'), parent=LinkCandidate('https://files.pythonhosted.org/packages/73/c0/bded8320fb0bbaeb3383fa8a45c287b95e153566f4ba2b749a67074090e5/langchain_openai-0.3.21-py3-none-any.whl (from https://pypi.org/simple/langchain-openai/) (requires-python:>=3.9)')), RequirementInformation(requirement=SpecifierRequirement('openai<2.0.0,>=1.68.2'), parent=LinkCandidate('https://files.pythonhosted.org/packages/07/38/bd1a65ad92955cd3071960f5b16b8c8d9e0ff1cbf5fa66fd7e619f3d78c3/langchain_openai-0.3.20-py3-none-any.whl (from https://pypi.org/simple/langchain-openai/) (requires-python:>=3.9)')), RequirementInformation(requirement=SpecifierRequirement('openai<2.0.0,>=1.68.2'), parent=LinkCandidate('https://files.pythonhosted.org/packages/2d/30/1dd3bebaccdce52afc0139f4733b31d01986b42d53e4ac1a919eca9531d8/langchain_openai-0.3.19-py3-none-any.whl (from https://pypi.org/simple/langchain-openai/) (requires-python:>=3.9)')), RequirementInformation(requirement=SpecifierRequirement('openai<2.0.0,>=1.68.2'), parent=LinkCandidate('https://files.pythonhosted.org/packages/58/3a/312c543281021fb4b22c0bc300d525b3a77696b427d87a7d484754929eae/langchain_openai-0.3.18-py3-none-any.whl (from https://pypi.org/simple/langchain-openai/) (requires-python:>=3.9)')), RequirementInformation(requirement=SpecifierRequirement('openai<2.0.0,>=1.68.2'), parent=LinkCandidate('https://files.pythonhosted.org/packages/a9/60/886dc53c91031e26542f7ac1ea4062b7ebe542d22970996acaee59aa1cab/langchain_openai-0.3.17-py3-none-any.whl (from https://pypi.org/simple/langchain-openai/) (requires-python:>=3.9)')), RequirementInformation(requirement=SpecifierRequirement('openai<2.0.0,>=1.68.2'), parent=LinkCandidate('https://files.pythonhosted.org/packages/34/d0/bb39691e8ca3748668aa660920afc20e4c92231f3bca0cf85c62214171d3/langchain_openai-0.3.16-py3-none-any.whl (from https://pypi.org/simple/langchain-openai/) (requires-python:>=3.9)')), RequirementInformation(requirement=SpecifierRequirement('openai<2.0.0,>=1.68.2'), parent=LinkCandidate('https://files.pythonhosted.org/packages/ec/1b/323d4980c01a3e9bc4c5c7aac05388797d67696b1c6421172c66d21a4886/langchain_openai-0.3.15-py3-none-any.whl (from https://pypi.org/simple/langchain-openai/) (requires-python:>=3.9)')), RequirementInformation(requirement=SpecifierRequirement('openai<2.0.0,>=1.68.2'), parent=LinkCandidate('https://files.pythonhosted.org/packages/6f/34/d7af3c272fbdd214aa74d7bb23ef36eb6c3463fd557f2f0cd5126ea41536/langchain_openai-0.3.14-py3-none-any.whl (from https://pypi.org/simple/langchain-openai/) (requires-python:<4.0,>=3.9)')), RequirementInformation(requirement=SpecifierRequirement('openai<2.0.0,>=1.68.2'), parent=LinkCandidate('https://files.pythonhosted.org/packages/6d/9d/be6d6a15b22a97209060f4f10d7160626bb173c4b986db373972c965b9c8/langchain_openai-0.3.13-py3-none-any.whl (from https://pypi.org/simple/langchain-openai/) (requires-python:<4.0,>=3.9)')), RequirementInformation(requirement=SpecifierRequirement('openai<2.0.0,>=1.68.2'), parent=LinkCandidate('https://files.pythonhosted.org/packages/07/7e/0d8838972ffead497b40cd42a1676f9ad90427d422c92dff2fb5461c4308/langchain_openai-0.3.12-py3-none-any.whl (from https://pypi.org/simple/langchain-openai/) (requires-python:<4.0,>=3.9)')), RequirementInformation(requirement=SpecifierRequirement('openai<2.0.0,>=1.68.2'), parent=LinkCandidate('https://files.pythonhosted.org/packages/95/9f/08696493db3c3fa238c13eee9db6386dbcebe0fc164c8ce6a20afdde53a7/langchain_openai-0.3.11-py3-none-any.whl (from https://pypi.org/simple/langchain-openai/) (requires-python:<4.0,>=3.9)')), RequirementInformation(requirement=SpecifierRequirement('openai<2.0.0,>=1.68.2'), parent=LinkCandidate('https://files.pythonhosted.org/packages/26/ac/5d21c7cabff4e30d39100033ed3c6c3eceb7fad99a67bf08f0239a7c1f79/langchain_openai-0.3.10-py3-none-any.whl (from https://pypi.org/simple/langchain-openai/) (requires-python:<4.0,>=3.9)')), RequirementInformation(requirement=SpecifierRequirement('openai<2.0.0,>=1.66.3'), parent=LinkCandidate('https://files.pythonhosted.org/packages/db/8c/1b1328863f3e123bc5122853ba7d8d8e79aea078f8d597a33601b7224b47/langchain_openai-0.3.9-py3-none-any.whl (from https://pypi.org/simple/langchain-openai/) (requires-python:<4.0,>=3.9)')), RequirementInformation(requirement=SpecifierRequirement('openai<2.0.0,>=1.58.1'), parent=LinkCandidate('https://files.pythonhosted.org/packages/a5/43/9c6a1101bcd751d52a3328a06956f85122f9aaa31da1b15a8e0f99a70317/langchain_openai-0.3.8-py3-none-any.whl (from https://pypi.org/simple/langchain-openai/) (requires-python:<4.0,>=3.9)')), RequirementInformation(requirement=SpecifierRequirement('openai<2.0.0,>=1.58.1'), parent=LinkCandidate('https://files.pythonhosted.org/packages/36/0e/816c5293eda67600d374bb8484a9adab873c9096489f6f91634581919f35/langchain_openai-0.3.7-py3-none-any.whl (from https://pypi.org/simple/langchain-openai/) (requires-python:<4.0,>=3.9)')), RequirementInformation(requirement=SpecifierRequirement('openai<2.0.0,>=1.58.1'), parent=LinkCandidate('https://files.pythonhosted.org/packages/b5/49/302754c09f955e4a240efe83e48f4e79149d50ca52b3f4731365f1be94b1/langchain_openai-0.3.6-py3-none-any.whl (from https://pypi.org/simple/langchain-openai/) (requires-python:<4.0,>=3.9)')), RequirementInformation(requirement=SpecifierRequirement('openai<2.0.0,>=1.58.1'), parent=LinkCandidate('https://files.pythonhosted.org/packages/9a/4a/18e98bb61e00f0553383fd14997a8d778999f5cf80109a74eb746a1f5919/langchain_openai-0.3.5-py3-none-any.whl (from https://pypi.org/simple/langchain-openai/) (requires-python:<4.0,>=3.9)')), RequirementInformation(requirement=SpecifierRequirement('openai<2.0.0,>=1.58.1'), parent=LinkCandidate('https://files.pythonhosted.org/packages/a3/24/a57c061a6738b89f44aa48d756945b011867cedba9a94d48729def22155c/langchain_openai-0.3.4-py3-none-any.whl (from https://pypi.org/simple/langchain-openai/) (requires-python:<4.0,>=3.9)')), RequirementInformation(requirement=SpecifierRequirement('openai<2.0.0,>=1.58.1'), parent=LinkCandidate('https://files.pythonhosted.org/packages/16/e6/5a0841a3792c2cd8e9991f76920298af01be9afffc08681bfdeae66fc20b/langchain_openai-0.3.3-py3-none-any.whl (from https://pypi.org/simple/langchain-openai/) (requires-python:<4.0,>=3.9)')), RequirementInformation(requirement=SpecifierRequirement('openai<2.0.0,>=1.58.1'), parent=LinkCandidate('https://files.pythonhosted.org/packages/00/9f/00b39a6b782e6a05b3536fc82d2a3cd50402ad273c6c742b180538abcc63/langchain_openai-0.3.2-py3-none-any.whl (from https://pypi.org/simple/langchain-openai/) (requires-python:<4.0,>=3.9)')), RequirementInformation(requirement=SpecifierRequirement('openai<2.0.0,>=1.58.1'), parent=LinkCandidate('https://files.pythonhosted.org/packages/8d/9e/388aaa4a727e86c3f61238df059a0d438de1a68ee369957182436d976a8a/langchain_openai-0.3.1-py3-none-any.whl (from https://pypi.org/simple/langchain-openai/) (requires-python:<4.0,>=3.9)')), RequirementInformation(requirement=SpecifierRequirement('openai<2.0.0,>=1.58.1'), parent=LinkCandidate('https://files.pythonhosted.org/packages/4a/9c/b38e308ac668f6db067b424a2a78e5b865753c144a119456f008a09230db/langchain_openai-0.3.0-py3-none-any.whl (from https://pypi.org/simple/langchain-openai/) (requires-python:<4.0,>=3.9)'))]

The above exception was the direct cause of the following exception:

Traceback (most recent call last):
  File "/opt/privacy/venv/bin/pip-compile", line 8, in <module>
    sys.exit(cli())
             ^^^^^
  File "/opt/privacy/venv/lib/python3.12/site-packages/click/core.py", line 1442, in __call__
    return self.main(*args, **kwargs)
           ^^^^^^^^^^^^^^^^^^^^^^^^^^
  File "/opt/privacy/venv/lib/python3.12/site-packages/click/core.py", line 1363, in main
    rv = self.invoke(ctx)
         ^^^^^^^^^^^^^^^^
  File "/opt/privacy/venv/lib/python3.12/site-packages/click/core.py", line 1226, in invoke
    return ctx.invoke(self.callback, **ctx.params)
           ^^^^^^^^^^^^^^^^^^^^^^^^^^^^^^^^^^^^^^^
  File "/opt/privacy/venv/lib/python3.12/site-packages/click/core.py", line 794, in invoke
    return callback(*args, **kwargs)
           ^^^^^^^^^^^^^^^^^^^^^^^^^
  File "/opt/privacy/venv/lib/python3.12/site-packages/click/decorators.py", line 34, in new_func
    return f(get_current_context(), *args, **kwargs)
           ^^^^^^^^^^^^^^^^^^^^^^^^^^^^^^^^^^^^^^^^^
  File "/opt/privacy/venv/lib/python3.12/site-packages/piptools/scripts/compile.py", line 470, in cli
    results = resolver.resolve(max_rounds=max_rounds)
              ^^^^^^^^^^^^^^^^^^^^^^^^^^^^^^^^^^^^^^^
  File "/opt/privacy/venv/lib/python3.12/site-packages/piptools/resolver.py", line 604, in resolve
    is_resolved = self._do_resolve(
                  ^^^^^^^^^^^^^^^^^
  File "/opt/privacy/venv/lib/python3.12/site-packages/piptools/resolver.py", line 636, in _do_resolve
    resolver.resolve(
  File "/opt/privacy/venv/lib/python3.12/site-packages/pip/_internal/resolution/resolvelib/resolver.py", line 105, in resolve
    raise error from e
pip._internal.exceptions.DistributionNotFound: ResolutionImpossible: for help visit https://pip.pypa.io/en/latest/topics/dependency-resolution/#dealing-with-dependency-conflicts
root@monster:/opt/privacy# 