🚀 Iniciando deploy definitivo do sistema LGPD n.crisisops...
📦 Atualizando sistema...
Hit:1 https://cli.github.com/packages stable InRelease
Hit:2 https://download.docker.com/linux/ubuntu noble InRelease                             
Hit:3 https://repository.monarx.com/repository/ubuntu-noble noble InRelease                
Hit:4 https://deb.nodesource.com/node_20.x nodistro InRelease                              
Hit:5 http://archive.ubuntu.com/ubuntu noble InRelease     
Hit:6 http://archive.ubuntu.com/ubuntu noble-updates InRelease
Hit:7 http://archive.ubuntu.com/ubuntu noble-backports InRelease
Hit:8 http://archive.ubuntu.com/ubuntu noble-security InRelease
Reading package lists... Done
Building dependency tree... Done
Reading state information... Done
2 packages can be upgraded. Run 'apt list --upgradable' to see them.
Reading package lists... Done
Building dependency tree... Done
Reading state information... Done
Calculating upgrade... Done
The following upgrades have been deferred due to phasing:
  libopeniscsiusr open-iscsi
0 upgraded, 0 newly installed, 0 to remove and 2 not upgraded.
📦 Instalando dependências do sistema...
Reading package lists... Done
Building dependency tree... Done
Reading state information... Done
python3 is already the newest version (3.12.3-0ubuntu2).
python3-pip is already the newest version (24.0+dfsg-1ubuntu1.2).
python3-venv is already the newest version (3.12.3-0ubuntu2).
postgresql is already the newest version (16+257build1.1).
postgresql-contrib is already the newest version (16+257build1.1).
nginx is already the newest version (1.24.0-2ubuntu7.4).
certbot is already the newest version (2.9.0-1).
python3-certbot-nginx is already the newest version (2.9.0-1).
tesseract-ocr is already the newest version (5.3.4-1build5).
tesseract-ocr-por is already the newest version (1:4.1.0-2).
git is already the newest version (1:2.43.0-1ubuntu7.2).
curl is already the newest version (8.5.0-2ubuntu10.6).
wget is already the newest version (1.21.4-1ubuntu4.1).
build-essential is already the newest version (12.10ubuntu1).
libpq-dev is already the newest version (16.9-0ubuntu0.24.04.1).
python3-dev is already the newest version (3.12.3-0ubuntu2).
0 upgraded, 0 newly installed, 0 to remove and 2 not upgraded.
🗄️ Configurando PostgreSQL...
Synchronizing state of postgresql.service with SysV service script with /usr/lib/systemd/systemd-sysv-install.
Executing: /usr/lib/systemd/systemd-sysv-install enable postgresql
ERROR:  role "privacy_user" already exists
User already exists
ERROR:  database "privacy_db" already exists
Database already exists
GRANT
👤 Criando usuário do sistema...
useradd: user 'privacy' already exists
User already exists
📁 Copiando arquivos do sistema...
cp: '.' and '/opt/privacy/.' are the same file
root@monster:/opt/privacy# cd /opt/privacy
source venv/bin/activate

# Install LangChain dependencies in specific order to avoid conflicts
pip install langchain-core==0.2.43
pip install langchain-text-splitters==0.2.4
pip install langchain-community==0.2.17
pip install langchain==0.2.17
pip install langchain-openai==0.2.17

# Install remaining Python dependencies
pip install flask==3.0.0 flask-cors==4.0.0 gunicorn==21.2.0
pip install psycopg2-binary==2.9.9 sqlalchemy==2.0.23
pip install pandas==2.1.4 plotly==5.17.0
pip install openpyxl==3.1.2 python-docx==1.1.0 pdfplumber==0.10.3
pip install pymupdf==1.23.8 python-pptx==0.6.23 extract-msg==0.48.5
pip install pytesseract==0.3.10 pillow==10.1.0
pip install beautifulsoup4==4.12.2 lxml==4.9.3 striprtf==0.0.26 eml-parser==2.0.0
pip install spacy==3.7.2 openai==1.3.7 python-dotenv==1.0.0

# Download spaCy Portuguese model
python -m spacy download pt_core_news_sm

# Test LangChain imports
python3 -c "from langchain_openai import ChatOpenAI; print('✅ LangChain working')"

# Initialize database
python database_postgresql.py
python scripts/populate-database.py

# Continue with the service configuration
systemctl daemon-reload
systemctl enable privacy
systemctl start privacy
systemctl restart nginx
Collecting langchain-core==0.2.43
  Using cached langchain_core-0.2.43-py3-none-any.whl.metadata (6.2 kB)
Requirement already satisfied: PyYAML>=5.3 in ./venv/lib/python3.12/site-packages (from langchain-core==0.2.43) (6.0.2)
Requirement already satisfied: jsonpatch<2.0,>=1.33 in ./venv/lib/python3.12/site-packages (from langchain-core==0.2.43) (1.33)
Collecting langsmith<0.2.0,>=0.1.112 (from langchain-core==0.2.43)
  Using cached langsmith-0.1.147-py3-none-any.whl.metadata (14 kB)
Requirement already satisfied: packaging<25,>=23.2 in ./venv/lib/python3.12/site-packages (from langchain-core==0.2.43) (24.2)
Requirement already satisfied: pydantic<3,>=1 in ./venv/lib/python3.12/site-packages (from langchain-core==0.2.43) (2.11.7)
Collecting tenacity!=8.4.0,<9.0.0,>=8.1.0 (from langchain-core==0.2.43)
  Using cached tenacity-8.5.0-py3-none-any.whl.metadata (1.2 kB)
Requirement already satisfied: typing-extensions>=4.7 in ./venv/lib/python3.12/site-packages (from langchain-core==0.2.43) (4.14.0)
Requirement already satisfied: jsonpointer>=1.9 in ./venv/lib/python3.12/site-packages (from jsonpatch<2.0,>=1.33->langchain-core==0.2.43) (3.0.0)
Requirement already satisfied: httpx<1,>=0.23.0 in ./venv/lib/python3.12/site-packages (from langsmith<0.2.0,>=0.1.112->langchain-core==0.2.43) (0.28.1)
Requirement already satisfied: orjson<4.0.0,>=3.9.14 in ./venv/lib/python3.12/site-packages (from langsmith<0.2.0,>=0.1.112->langchain-core==0.2.43) (3.10.18)
Requirement already satisfied: requests<3,>=2 in ./venv/lib/python3.12/site-packages (from langsmith<0.2.0,>=0.1.112->langchain-core==0.2.43) (2.32.4)
Requirement already satisfied: requests-toolbelt<2.0.0,>=1.0.0 in ./venv/lib/python3.12/site-packages (from langsmith<0.2.0,>=0.1.112->langchain-core==0.2.43) (1.0.0)
Requirement already satisfied: anyio in ./venv/lib/python3.12/site-packages (from httpx<1,>=0.23.0->langsmith<0.2.0,>=0.1.112->langchain-core==0.2.43) (4.9.0)
Requirement already satisfied: certifi in ./venv/lib/python3.12/site-packages (from httpx<1,>=0.23.0->langsmith<0.2.0,>=0.1.112->langchain-core==0.2.43) (2025.6.15)
Requirement already satisfied: httpcore==1.* in ./venv/lib/python3.12/site-packages (from httpx<1,>=0.23.0->langsmith<0.2.0,>=0.1.112->langchain-core==0.2.43) (1.0.9)
Requirement already satisfied: idna in ./venv/lib/python3.12/site-packages (from httpx<1,>=0.23.0->langsmith<0.2.0,>=0.1.112->langchain-core==0.2.43) (3.10)
Requirement already satisfied: h11>=0.16 in ./venv/lib/python3.12/site-packages (from httpcore==1.*->httpx<1,>=0.23.0->langsmith<0.2.0,>=0.1.112->langchain-core==0.2.43) (0.16.0)
Requirement already satisfied: annotated-types>=0.6.0 in ./venv/lib/python3.12/site-packages (from pydantic<3,>=1->langchain-core==0.2.43) (0.7.0)
Requirement already satisfied: pydantic-core==2.33.2 in ./venv/lib/python3.12/site-packages (from pydantic<3,>=1->langchain-core==0.2.43) (2.33.2)
Requirement already satisfied: typing-inspection>=0.4.0 in ./venv/lib/python3.12/site-packages (from pydantic<3,>=1->langchain-core==0.2.43) (0.4.1)
Requirement already satisfied: charset_normalizer<4,>=2 in ./venv/lib/python3.12/site-packages (from requests<3,>=2->langsmith<0.2.0,>=0.1.112->langchain-core==0.2.43) (3.4.2)
Requirement already satisfied: urllib3<3,>=1.21.1 in ./venv/lib/python3.12/site-packages (from requests<3,>=2->langsmith<0.2.0,>=0.1.112->langchain-core==0.2.43) (2.5.0)
Requirement already satisfied: sniffio>=1.1 in ./venv/lib/python3.12/site-packages (from anyio->httpx<1,>=0.23.0->langsmith<0.2.0,>=0.1.112->langchain-core==0.2.43) (1.3.1)
Downloading langchain_core-0.2.43-py3-none-any.whl (397 kB)
Downloading langsmith-0.1.147-py3-none-any.whl (311 kB)
Downloading tenacity-8.5.0-py3-none-any.whl (28 kB)
Installing collected packages: tenacity, langsmith, langchain-core
  Attempting uninstall: tenacity
    Found existing installation: tenacity 9.1.2
    Uninstalling tenacity-9.1.2:
      Successfully uninstalled tenacity-9.1.2
  Attempting uninstall: langsmith
    Found existing installation: langsmith 0.4.4
    Uninstalling langsmith-0.4.4:
      Successfully uninstalled langsmith-0.4.4
  Attempting uninstall: langchain-core
    Found existing installation: langchain-core 0.3.66
    Uninstalling langchain-core-0.3.66:
      Successfully uninstalled langchain-core-0.3.66
ERROR: pip's dependency resolver does not currently take into account all the packages that 
are installed. This behaviour is the source of the following dependency conflicts.
langchain-community 0.3.26 requires langchain-core<1.0.0,>=0.3.66, but you have langchain-core 0.2.43 which is incompatible.
langchain-openai 0.3.27 requires langchain-core<1.0.0,>=0.3.66, but you have langchain-core 0.2.43 which is incompatible.
langchain-text-splitters 0.3.8 requires langchain-core<1.0.0,>=0.3.51, but you have langchain-core 0.2.43 which is incompatible.
langchain 0.3.26 requires langchain-core<1.0.0,>=0.3.66, but you have langchain-core 0.2.43 which is incompatible.
Successfully installed langchain-core-0.2.43 langsmith-0.1.147 tenacity-8.5.0
Collecting langchain-text-splitters==0.2.4
  Using cached langchain_text_splitters-0.2.4-py3-none-any.whl.metadata (2.3 kB)
Requirement already satisfied: langchain-core<0.3.0,>=0.2.38 in ./venv/lib/python3.12/site-packages (from langchain-text-splitters==0.2.4) (0.2.43)
Requirement already satisfied: PyYAML>=5.3 in ./venv/lib/python3.12/site-packages (from langchain-core<0.3.0,>=0.2.38->langchain-text-splitters==0.2.4) (6.0.2)
Requirement already satisfied: jsonpatch<2.0,>=1.33 in ./venv/lib/python3.12/site-packages (from langchain-core<0.3.0,>=0.2.38->langchain-text-splitters==0.2.4) (1.33)
Requirement already satisfied: langsmith<0.2.0,>=0.1.112 in ./venv/lib/python3.12/site-packages (from langchain-core<0.3.0,>=0.2.38->langchain-text-splitters==0.2.4) (0.1.147)
Requirement already satisfied: packaging<25,>=23.2 in ./venv/lib/python3.12/site-packages (from langchain-core<0.3.0,>=0.2.38->langchain-text-splitters==0.2.4) (24.2)
Requirement already satisfied: pydantic<3,>=1 in ./venv/lib/python3.12/site-packages (from langchain-core<0.3.0,>=0.2.38->langchain-text-splitters==0.2.4) (2.11.7)
Requirement already satisfied: tenacity!=8.4.0,<9.0.0,>=8.1.0 in ./venv/lib/python3.12/site-packages (from langchain-core<0.3.0,>=0.2.38->langchain-text-splitters==0.2.4) (8.5.0)
Requirement already satisfied: typing-extensions>=4.7 in ./venv/lib/python3.12/site-packages (from langchain-core<0.3.0,>=0.2.38->langchain-text-splitters==0.2.4) (4.14.0)
Requirement already satisfied: jsonpointer>=1.9 in ./venv/lib/python3.12/site-packages (from jsonpatch<2.0,>=1.33->langchain-core<0.3.0,>=0.2.38->langchain-text-splitters==0.2.4) (3.0.0)
Requirement already satisfied: httpx<1,>=0.23.0 in ./venv/lib/python3.12/site-packages (from langsmith<0.2.0,>=0.1.112->langchain-core<0.3.0,>=0.2.38->langchain-text-splitters==0.2.4) (0.28.1)
Requirement already satisfied: orjson<4.0.0,>=3.9.14 in ./venv/lib/python3.12/site-packages (from langsmith<0.2.0,>=0.1.112->langchain-core<0.3.0,>=0.2.38->langchain-text-splitters==0.2.4) (3.10.18)
Requirement already satisfied: requests<3,>=2 in ./venv/lib/python3.12/site-packages (from langsmith<0.2.0,>=0.1.112->langchain-core<0.3.0,>=0.2.38->langchain-text-splitters==0.2.4) (2.32.4)
Requirement already satisfied: requests-toolbelt<2.0.0,>=1.0.0 in ./venv/lib/python3.12/site-packages (from langsmith<0.2.0,>=0.1.112->langchain-core<0.3.0,>=0.2.38->langchain-text-splitters==0.2.4) (1.0.0)
Requirement already satisfied: anyio in ./venv/lib/python3.12/site-packages (from httpx<1,>=0.23.0->langsmith<0.2.0,>=0.1.112->langchain-core<0.3.0,>=0.2.38->langchain-text-splitters==0.2.4) (4.9.0)
Requirement already satisfied: certifi in ./venv/lib/python3.12/site-packages (from httpx<1,>=0.23.0->langsmith<0.2.0,>=0.1.112->langchain-core<0.3.0,>=0.2.38->langchain-text-splitters==0.2.4) (2025.6.15)
Requirement already satisfied: httpcore==1.* in ./venv/lib/python3.12/site-packages (from httpx<1,>=0.23.0->langsmith<0.2.0,>=0.1.112->langchain-core<0.3.0,>=0.2.38->langchain-text-splitters==0.2.4) (1.0.9)
Requirement already satisfied: idna in ./venv/lib/python3.12/site-packages (from httpx<1,>=0.23.0->langsmith<0.2.0,>=0.1.112->langchain-core<0.3.0,>=0.2.38->langchain-text-splitters==0.2.4) (3.10)
Requirement already satisfied: h11>=0.16 in ./venv/lib/python3.12/site-packages (from httpcore==1.*->httpx<1,>=0.23.0->langsmith<0.2.0,>=0.1.112->langchain-core<0.3.0,>=0.2.38->langchain-text-splitters==0.2.4) (0.16.0)
Requirement already satisfied: annotated-types>=0.6.0 in ./venv/lib/python3.12/site-packages (from pydantic<3,>=1->langchain-core<0.3.0,>=0.2.38->langchain-text-splitters==0.2.4) (0.7.0)
Requirement already satisfied: pydantic-core==2.33.2 in ./venv/lib/python3.12/site-packages (from pydantic<3,>=1->langchain-core<0.3.0,>=0.2.38->langchain-text-splitters==0.2.4) (2.33.2)
Requirement already satisfied: typing-inspection>=0.4.0 in ./venv/lib/python3.12/site-packages (from pydantic<3,>=1->langchain-core<0.3.0,>=0.2.38->langchain-text-splitters==0.2.4) (0.4.1)
Requirement already satisfied: charset_normalizer<4,>=2 in ./venv/lib/python3.12/site-packages (from requests<3,>=2->langsmith<0.2.0,>=0.1.112->langchain-core<0.3.0,>=0.2.38->langchain-text-splitters==0.2.4) (3.4.2)
Requirement already satisfied: urllib3<3,>=1.21.1 in ./venv/lib/python3.12/site-packages (from requests<3,>=2->langsmith<0.2.0,>=0.1.112->langchain-core<0.3.0,>=0.2.38->langchain-text-splitters==0.2.4) (2.5.0)
Requirement already satisfied: sniffio>=1.1 in ./venv/lib/python3.12/site-packages (from anyio->httpx<1,>=0.23.0->langsmith<0.2.0,>=0.1.112->langchain-core<0.3.0,>=0.2.38->langchain-text-splitters==0.2.4) (1.3.1)
Downloading langchain_text_splitters-0.2.4-py3-none-any.whl (25 kB)
Installing collected packages: langchain-text-splitters
  Attempting uninstall: langchain-text-splitters
    Found existing installation: langchain-text-splitters 0.3.8
    Uninstalling langchain-text-splitters-0.3.8:
      Successfully uninstalled langchain-text-splitters-0.3.8
ERROR: pip's dependency resolver does not currently take into account all the packages that are installed. This behaviour is the source of the following dependency conflicts.
langchain 0.3.26 requires langchain-core<1.0.0,>=0.3.66, but you have langchain-core 0.2.43 which is incompatible.
langchain 0.3.26 requires langchain-text-splitters<1.0.0,>=0.3.8, but you have langchain-text-splitters 0.2.4 which is incompatible.
Successfully installed langchain-text-splitters-0.2.4
Collecting langchain-community==0.2.17
  Using cached langchain_community-0.2.17-py3-none-any.whl.metadata (2.7 kB)
Requirement already satisfied: PyYAML>=5.3 in ./venv/lib/python3.12/site-packages (from langchain-community==0.2.17) (6.0.2)
Requirement already satisfied: SQLAlchemy<3,>=1.4 in ./venv/lib/python3.12/site-packages (from langchain-community==0.2.17) (2.0.41)
Requirement already satisfied: aiohttp<4.0.0,>=3.8.3 in ./venv/lib/python3.12/site-packages (from langchain-community==0.2.17) (3.12.13)
Requirement already satisfied: dataclasses-json<0.7,>=0.5.7 in ./venv/lib/python3.12/site-packages (from langchain-community==0.2.17) (0.6.7)
Collecting langchain<0.3.0,>=0.2.16 (from langchain-community==0.2.17)
  Using cached langchain-0.2.17-py3-none-any.whl.metadata (7.1 kB)
Requirement already satisfied: langchain-core<0.3.0,>=0.2.39 in ./venv/lib/python3.12/site-packages (from langchain-community==0.2.17) (0.2.43)
Requirement already satisfied: langsmith<0.2.0,>=0.1.112 in ./venv/lib/python3.12/site-packages (from langchain-community==0.2.17) (0.1.147)
Collecting numpy<2.0.0,>=1.26.0 (from langchain-community==0.2.17)
  Using cached numpy-1.26.4-cp312-cp312-manylinux_2_17_x86_64.manylinux2014_x86_64.whl.metadata (61 kB)
Requirement already satisfied: requests<3,>=2 in ./venv/lib/python3.12/site-packages (from langchain-community==0.2.17) (2.32.4)
Requirement already satisfied: tenacity!=8.4.0,<9.0.0,>=8.1.0 in ./venv/lib/python3.12/site-packages (from langchain-community==0.2.17) (8.5.0)
Requirement already satisfied: aiohappyeyeballs>=2.5.0 in ./venv/lib/python3.12/site-packages (from aiohttp<4.0.0,>=3.8.3->langchain-community==0.2.17) (2.6.1)
Requirement already satisfied: aiosignal>=1.1.2 in ./venv/lib/python3.12/site-packages (from aiohttp<4.0.0,>=3.8.3->langchain-community==0.2.17) (1.3.2)
Requirement already satisfied: attrs>=17.3.0 in ./venv/lib/python3.12/site-packages (from aiohttp<4.0.0,>=3.8.3->langchain-community==0.2.17) (25.3.0)
Requirement already satisfied: frozenlist>=1.1.1 in ./venv/lib/python3.12/site-packages (from aiohttp<4.0.0,>=3.8.3->langchain-community==0.2.17) (1.7.0)
Requirement already satisfied: multidict<7.0,>=4.5 in ./venv/lib/python3.12/site-packages (from aiohttp<4.0.0,>=3.8.3->langchain-community==0.2.17) (6.6.0)
Requirement already satisfied: propcache>=0.2.0 in ./venv/lib/python3.12/site-packages (from aiohttp<4.0.0,>=3.8.3->langchain-community==0.2.17) (0.3.2)
Requirement already satisfied: yarl<2.0,>=1.17.0 in ./venv/lib/python3.12/site-packages (from aiohttp<4.0.0,>=3.8.3->langchain-community==0.2.17) (1.20.1)
Requirement already satisfied: marshmallow<4.0.0,>=3.18.0 in ./venv/lib/python3.12/site-packages (from dataclasses-json<0.7,>=0.5.7->langchain-community==0.2.17) (3.26.1)
Requirement already satisfied: typing-inspect<1,>=0.4.0 in ./venv/lib/python3.12/site-packages (from dataclasses-json<0.7,>=0.5.7->langchain-community==0.2.17) (0.9.0)
Requirement already satisfied: langchain-text-splitters<0.3.0,>=0.2.0 in ./venv/lib/python3.12/site-packages (from langchain<0.3.0,>=0.2.16->langchain-community==0.2.17) (0.2.4)
Requirement already satisfied: pydantic<3,>=1 in ./venv/lib/python3.12/site-packages (from langchain<0.3.0,>=0.2.16->langchain-community==0.2.17) (2.11.7)
Requirement already satisfied: jsonpatch<2.0,>=1.33 in ./venv/lib/python3.12/site-packages (from langchain-core<0.3.0,>=0.2.39->langchain-community==0.2.17) (1.33)
Requirement already satisfied: packaging<25,>=23.2 in ./venv/lib/python3.12/site-packages (from langchain-core<0.3.0,>=0.2.39->langchain-community==0.2.17) (24.2)
Requirement already satisfied: typing-extensions>=4.7 in ./venv/lib/python3.12/site-packages (from langchain-core<0.3.0,>=0.2.39->langchain-community==0.2.17) (4.14.0)
Requirement already satisfied: jsonpointer>=1.9 in ./venv/lib/python3.12/site-packages (from jsonpatch<2.0,>=1.33->langchain-core<0.3.0,>=0.2.39->langchain-community==0.2.17) (3.0.0)
Requirement already satisfied: httpx<1,>=0.23.0 in ./venv/lib/python3.12/site-packages (from langsmith<0.2.0,>=0.1.112->langchain-community==0.2.17) (0.28.1)
Requirement already satisfied: orjson<4.0.0,>=3.9.14 in ./venv/lib/python3.12/site-packages (from langsmith<0.2.0,>=0.1.112->langchain-community==0.2.17) (3.10.18)
Requirement already satisfied: requests-toolbelt<2.0.0,>=1.0.0 in ./venv/lib/python3.12/site-packages (from langsmith<0.2.0,>=0.1.112->langchain-community==0.2.17) (1.0.0)
Requirement already satisfied: anyio in ./venv/lib/python3.12/site-packages (from httpx<1,>=0.23.0->langsmith<0.2.0,>=0.1.112->langchain-community==0.2.17) (4.9.0)
Requirement already satisfied: certifi in ./venv/lib/python3.12/site-packages (from httpx<1,>=0.23.0->langsmith<0.2.0,>=0.1.112->langchain-community==0.2.17) (2025.6.15)
Requirement already satisfied: httpcore==1.* in ./venv/lib/python3.12/site-packages (from httpx<1,>=0.23.0->langsmith<0.2.0,>=0.1.112->langchain-community==0.2.17) (1.0.9)
Requirement already satisfied: idna in ./venv/lib/python3.12/site-packages (from httpx<1,>=0.23.0->langsmith<0.2.0,>=0.1.112->langchain-community==0.2.17) (3.10)
Requirement already satisfied: h11>=0.16 in ./venv/lib/python3.12/site-packages (from httpcore==1.*->httpx<1,>=0.23.0->langsmith<0.2.0,>=0.1.112->langchain-community==0.2.17) (0.16.0)
Requirement already satisfied: annotated-types>=0.6.0 in ./venv/lib/python3.12/site-packages (from pydantic<3,>=1->langchain<0.3.0,>=0.2.16->langchain-community==0.2.17) (0.7.0)
Requirement already satisfied: pydantic-core==2.33.2 in ./venv/lib/python3.12/site-packages (from pydantic<3,>=1->langchain<0.3.0,>=0.2.16->langchain-community==0.2.17) (2.33.2)
Requirement already satisfied: typing-inspection>=0.4.0 in ./venv/lib/python3.12/site-packages (from pydantic<3,>=1->langchain<0.3.0,>=0.2.16->langchain-community==0.2.17) (0.4.1)
Requirement already satisfied: charset_normalizer<4,>=2 in ./venv/lib/python3.12/site-packages (from requests<3,>=2->langchain-community==0.2.17) (3.4.2)
Requirement already satisfied: urllib3<3,>=1.21.1 in ./venv/lib/python3.12/site-packages (from requests<3,>=2->langchain-community==0.2.17) (2.5.0)
Requirement already satisfied: greenlet>=1 in ./venv/lib/python3.12/site-packages (from SQLAlchemy<3,>=1.4->langchain-community==0.2.17) (3.2.3)
Requirement already satisfied: mypy-extensions>=0.3.0 in ./venv/lib/python3.12/site-packages (from typing-inspect<1,>=0.4.0->dataclasses-json<0.7,>=0.5.7->langchain-community==0.2.17) (1.1.0)
Requirement already satisfied: sniffio>=1.1 in ./venv/lib/python3.12/site-packages (from anyio->httpx<1,>=0.23.0->langsmith<0.2.0,>=0.1.112->langchain-community==0.2.17) (1.3.1)
Downloading langchain_community-0.2.17-py3-none-any.whl (2.3 MB)
   ━━━━━━━━━━━━━━━━━━━━━━━━━━━━━━━━━━━━━━━━ 2.3/2.3 MB 56.8 MB/s eta 0:00:00
Downloading langchain-0.2.17-py3-none-any.whl (1.0 MB)
   ━━━━━━━━━━━━━━━━━━━━━━━━━━━━━━━━━━━━━━━━ 1.0/1.0 MB 45.8 MB/s eta 0:00:00
Downloading numpy-1.26.4-cp312-cp312-manylinux_2_17_x86_64.manylinux2014_x86_64.whl (18.0 MB)
   ━━━━━━━━━━━━━━━━━━━━━━━━━━━━━━━━━━━━━━━━ 18.0/18.0 MB 87.6 MB/s eta 0:00:00
Installing collected packages: numpy, langchain, langchain-community
  Attempting uninstall: numpy
    Found existing installation: numpy 2.3.1
    Uninstalling numpy-2.3.1:
      Successfully uninstalled numpy-2.3.1
  Attempting uninstall: langchain
    Found existing installation: langchain 0.3.26
    Uninstalling langchain-0.3.26:
      Successfully uninstalled langchain-0.3.26
  Attempting uninstall: langchain-community
    Found existing installation: langchain-community 0.3.26
    Uninstalling langchain-community-0.3.26:
      Successfully uninstalled langchain-community-0.3.26
ERROR: pip's dependency resolver does not currently take into account all the packages that 
are installed. This behaviour is the source of the following dependency conflicts.
thinc 8.3.6 requires numpy<3.0.0,>=2.0.0, but you have numpy 1.26.4 which is incompatible.
Successfully installed langchain-0.2.17 langchain-community-0.2.17 numpy-1.26.4
Requirement already satisfied: langchain==0.2.17 in ./venv/lib/python3.12/site-packages (0.2.17)
Requirement already satisfied: PyYAML>=5.3 in ./venv/lib/python3.12/site-packages (from langchain==0.2.17) (6.0.2)
Requirement already satisfied: SQLAlchemy<3,>=1.4 in ./venv/lib/python3.12/site-packages (from langchain==0.2.17) (2.0.41)
Requirement already satisfied: aiohttp<4.0.0,>=3.8.3 in ./venv/lib/python3.12/site-packages (from langchain==0.2.17) (3.12.13)
Requirement already satisfied: langchain-core<0.3.0,>=0.2.43 in ./venv/lib/python3.12/site-packages (from langchain==0.2.17) (0.2.43)
Requirement already satisfied: langchain-text-splitters<0.3.0,>=0.2.0 in ./venv/lib/python3.12/site-packages (from langchain==0.2.17) (0.2.4)
Requirement already satisfied: langsmith<0.2.0,>=0.1.17 in ./venv/lib/python3.12/site-packages (from langchain==0.2.17) (0.1.147)
Requirement already satisfied: numpy<2.0.0,>=1.26.0 in ./venv/lib/python3.12/site-packages (from langchain==0.2.17) (1.26.4)
Requirement already satisfied: pydantic<3,>=1 in ./venv/lib/python3.12/site-packages (from langchain==0.2.17) (2.11.7)
Requirement already satisfied: requests<3,>=2 in ./venv/lib/python3.12/site-packages (from langchain==0.2.17) (2.32.4)
Requirement already satisfied: tenacity!=8.4.0,<9.0.0,>=8.1.0 in ./venv/lib/python3.12/site-packages (from langchain==0.2.17) (8.5.0)
Requirement already satisfied: aiohappyeyeballs>=2.5.0 in ./venv/lib/python3.12/site-packages (from aiohttp<4.0.0,>=3.8.3->langchain==0.2.17) (2.6.1)
Requirement already satisfied: aiosignal>=1.1.2 in ./venv/lib/python3.12/site-packages (from aiohttp<4.0.0,>=3.8.3->langchain==0.2.17) (1.3.2)
Requirement already satisfied: attrs>=17.3.0 in ./venv/lib/python3.12/site-packages (from aiohttp<4.0.0,>=3.8.3->langchain==0.2.17) (25.3.0)
Requirement already satisfied: frozenlist>=1.1.1 in ./venv/lib/python3.12/site-packages (from aiohttp<4.0.0,>=3.8.3->langchain==0.2.17) (1.7.0)
Requirement already satisfied: multidict<7.0,>=4.5 in ./venv/lib/python3.12/site-packages (from aiohttp<4.0.0,>=3.8.3->langchain==0.2.17) (6.6.0)
Requirement already satisfied: propcache>=0.2.0 in ./venv/lib/python3.12/site-packages (from aiohttp<4.0.0,>=3.8.3->langchain==0.2.17) (0.3.2)
Requirement already satisfied: yarl<2.0,>=1.17.0 in ./venv/lib/python3.12/site-packages (from aiohttp<4.0.0,>=3.8.3->langchain==0.2.17) (1.20.1)
Requirement already satisfied: jsonpatch<2.0,>=1.33 in ./venv/lib/python3.12/site-packages (from langchain-core<0.3.0,>=0.2.43->langchain==0.2.17) (1.33)
Requirement already satisfied: packaging<25,>=23.2 in ./venv/lib/python3.12/site-packages (from langchain-core<0.3.0,>=0.2.43->langchain==0.2.17) (24.2)
Requirement already satisfied: typing-extensions>=4.7 in ./venv/lib/python3.12/site-packages (from langchain-core<0.3.0,>=0.2.43->langchain==0.2.17) (4.14.0)
Requirement already satisfied: jsonpointer>=1.9 in ./venv/lib/python3.12/site-packages (from jsonpatch<2.0,>=1.33->langchain-core<0.3.0,>=0.2.43->langchain==0.2.17) (3.0.0)
Requirement already satisfied: httpx<1,>=0.23.0 in ./venv/lib/python3.12/site-packages (from langsmith<0.2.0,>=0.1.17->langchain==0.2.17) (0.28.1)
Requirement already satisfied: orjson<4.0.0,>=3.9.14 in ./venv/lib/python3.12/site-packages (from langsmith<0.2.0,>=0.1.17->langchain==0.2.17) (3.10.18)
Requirement already satisfied: requests-toolbelt<2.0.0,>=1.0.0 in ./venv/lib/python3.12/site-packages (from langsmith<0.2.0,>=0.1.17->langchain==0.2.17) (1.0.0)
Requirement already satisfied: anyio in ./venv/lib/python3.12/site-packages (from httpx<1,>=0.23.0->langsmith<0.2.0,>=0.1.17->langchain==0.2.17) (4.9.0)
Requirement already satisfied: certifi in ./venv/lib/python3.12/site-packages (from httpx<1,>=0.23.0->langsmith<0.2.0,>=0.1.17->langchain==0.2.17) (2025.6.15)
Requirement already satisfied: httpcore==1.* in ./venv/lib/python3.12/site-packages (from httpx<1,>=0.23.0->langsmith<0.2.0,>=0.1.17->langchain==0.2.17) (1.0.9)
Requirement already satisfied: idna in ./venv/lib/python3.12/site-packages (from httpx<1,>=0.23.0->langsmith<0.2.0,>=0.1.17->langchain==0.2.17) (3.10)
Requirement already satisfied: h11>=0.16 in ./venv/lib/python3.12/site-packages (from httpcore==1.*->httpx<1,>=0.23.0->langsmith<0.2.0,>=0.1.17->langchain==0.2.17) (0.16.0)
Requirement already satisfied: annotated-types>=0.6.0 in ./venv/lib/python3.12/site-packages (from pydantic<3,>=1->langchain==0.2.17) (0.7.0)
Requirement already satisfied: pydantic-core==2.33.2 in ./venv/lib/python3.12/site-packages (from pydantic<3,>=1->langchain==0.2.17) (2.33.2)
Requirement already satisfied: typing-inspection>=0.4.0 in ./venv/lib/python3.12/site-packages (from pydantic<3,>=1->langchain==0.2.17) (0.4.1)
Requirement already satisfied: charset_normalizer<4,>=2 in ./venv/lib/python3.12/site-packages (from requests<3,>=2->langchain==0.2.17) (3.4.2)
Requirement already satisfied: urllib3<3,>=1.21.1 in ./venv/lib/python3.12/site-packages (from requests<3,>=2->langchain==0.2.17) (2.5.0)
Requirement already satisfied: greenlet>=1 in ./venv/lib/python3.12/site-packages (from SQLAlchemy<3,>=1.4->langchain==0.2.17) (3.2.3)
Requirement already satisfied: sniffio>=1.1 in ./venv/lib/python3.12/site-packages (from anyio->httpx<1,>=0.23.0->langsmith<0.2.0,>=0.1.17->langchain==0.2.17) (1.3.1)
ERROR: Ignored the following yanked versions: 0.0.1, 0.1.0, 0.1.21
ERROR: Could not find a version that satisfies the requirement langchain-openai==0.2.17 (from versions: 0.0.1rc0, 0.0.1rc1, 0.0.2, 0.0.2.post1, 0.0.3, 0.0.4, 0.0.5, 0.0.6, 0.0.7, 0.0.8rc1, 0.0.8, 0.1.1, 0.1.2, 0.1.3rc1, 0.1.3, 0.1.4, 0.1.5, 0.1.6, 0.1.7, 0.1.8rc1, 0.1.8, 0.1.9, 0.1.10, 0.1.11, 0.1.12, 0.1.13, 0.1.14, 0.1.15, 0.1.16, 0.1.17, 0.1.19, 0.1.20, 0.1.21rc1, 0.1.21rc2, 0.1.22, 0.1.23, 0.1.24, 0.1.25, 0.2.0.dev0, 0.2.0.dev1, 0.2.0.dev2, 0.2.0, 0.2.1, 0.2.2, 0.2.3, 0.2.4, 0.2.5, 0.2.6, 0.2.7, 0.2.8, 0.2.9, 0.2.10, 0.2.11, 0.2.12, 0.2.13, 0.2.14, 0.3.0, 0.3.1, 0.3.2, 0.3.3, 0.3.4rc1, 0.3.4, 0.3.5, 0.3.6, 0.3.7, 0.3.8, 0.3.9rc1, 0.3.9, 0.3.10, 0.3.11, 0.3.12, 0.3.13, 0.3.14, 0.3.15, 0.3.16, 0.3.17, 0.3.18, 0.3.19, 0.3.20, 0.3.21, 0.3.22, 0.3.23, 0.3.24, 0.3.25, 0.3.26, 0.3.27)
ERROR: No matching distribution found for langchain-openai==0.2.17
Collecting flask==3.0.0
  Using cached flask-3.0.0-py3-none-any.whl.metadata (3.6 kB)
Collecting flask-cors==4.0.0
  Using cached Flask_Cors-4.0.0-py2.py3-none-any.whl.metadata (5.4 kB)
Collecting gunicorn==21.2.0
  Using cached gunicorn-21.2.0-py3-none-any.whl.metadata (4.1 kB)
Requirement already satisfied: Werkzeug>=3.0.0 in ./venv/lib/python3.12/site-packages (from flask==3.0.0) (3.1.3)
Requirement already satisfied: Jinja2>=3.1.2 in ./venv/lib/python3.12/site-packages (from flask==3.0.0) (3.1.6)
Requirement already satisfied: itsdangerous>=2.1.2 in ./venv/lib/python3.12/site-packages (from flask==3.0.0) (2.2.0)
Requirement already satisfied: click>=8.1.3 in ./venv/lib/python3.12/site-packages (from flask==3.0.0) (8.2.1)
Requirement already satisfied: blinker>=1.6.2 in ./venv/lib/python3.12/site-packages (from flask==3.0.0) (1.9.0)
Requirement already satisfied: packaging in ./venv/lib/python3.12/site-packages (from gunicorn==21.2.0) (24.2)
Requirement already satisfied: MarkupSafe>=2.0 in ./venv/lib/python3.12/site-packages (from Jinja2>=3.1.2->flask==3.0.0) (3.0.2)
Downloading flask-3.0.0-py3-none-any.whl (99 kB)
Downloading Flask_Cors-4.0.0-py2.py3-none-any.whl (14 kB)
Downloading gunicorn-21.2.0-py3-none-any.whl (80 kB)
Installing collected packages: gunicorn, flask, flask-cors
  Attempting uninstall: gunicorn
    Found existing installation: gunicorn 23.0.0
    Uninstalling gunicorn-23.0.0:
      Successfully uninstalled gunicorn-23.0.0
  Attempting uninstall: flask
    Found existing installation: Flask 3.1.1
    Uninstalling Flask-3.1.1:
      Successfully uninstalled Flask-3.1.1
  Attempting uninstall: flask-cors
    Found existing installation: flask-cors 6.0.1
    Uninstalling flask-cors-6.0.1:
      Successfully uninstalled flask-cors-6.0.1
Successfully installed flask-3.0.0 flask-cors-4.0.0 gunicorn-21.2.0
Collecting psycopg2-binary==2.9.9
  Using cached psycopg2_binary-2.9.9-cp312-cp312-manylinux_2_17_x86_64.manylinux2014_x86_64.whl.metadata (4.4 kB)
Collecting sqlalchemy==2.0.23
  Using cached SQLAlchemy-2.0.23-cp312-cp312-manylinux_2_17_x86_64.manylinux2014_x86_64.whl.metadata (9.6 kB)
Requirement already satisfied: typing-extensions>=4.2.0 in ./venv/lib/python3.12/site-packages (from sqlalchemy==2.0.23) (4.14.0)
Requirement already satisfied: greenlet!=0.4.17 in ./venv/lib/python3.12/site-packages (from sqlalchemy==2.0.23) (3.2.3)
Downloading psycopg2_binary-2.9.9-cp312-cp312-manylinux_2_17_x86_64.manylinux2014_x86_64.whl (3.0 MB)
   ━━━━━━━━━━━━━━━━━━━━━━━━━━━━━━━━━━━━━━━━ 3.0/3.0 MB 53.9 MB/s eta 0:00:00
Downloading SQLAlchemy-2.0.23-cp312-cp312-manylinux_2_17_x86_64.manylinux2014_x86_64.whl (3.2 MB)
   ━━━━━━━━━━━━━━━━━━━━━━━━━━━━━━━━━━━━━━━━ 3.2/3.2 MB 57.9 MB/s eta 0:00:00
Installing collected packages: sqlalchemy, psycopg2-binary
  Attempting uninstall: sqlalchemy
    Found existing installation: SQLAlchemy 2.0.41
    Uninstalling SQLAlchemy-2.0.41:
      Successfully uninstalled SQLAlchemy-2.0.41
  Attempting uninstall: psycopg2-binary
    Found existing installation: psycopg2-binary 2.9.10
    Uninstalling psycopg2-binary-2.9.10:
      Successfully uninstalled psycopg2-binary-2.9.10
Successfully installed psycopg2-binary-2.9.9 sqlalchemy-2.0.23
Collecting pandas==2.1.4
  Using cached pandas-2.1.4-cp312-cp312-manylinux_2_17_x86_64.manylinux2014_x86_64.whl.metadata (18 kB)
Collecting plotly==5.17.0
  Using cached plotly-5.17.0-py2.py3-none-any.whl.metadata (7.0 kB)
Requirement already satisfied: numpy<2,>=1.26.0 in ./venv/lib/python3.12/site-packages (from pandas==2.1.4) (1.26.4)
Requirement already satisfied: python-dateutil>=2.8.2 in ./venv/lib/python3.12/site-packages (from pandas==2.1.4) (2.9.0.post0)
Requirement already satisfied: pytz>=2020.1 in ./venv/lib/python3.12/site-packages (from pandas==2.1.4) (2025.2)
Requirement already satisfied: tzdata>=2022.1 in ./venv/lib/python3.12/site-packages (from pandas==2.1.4) (2025.2)
Requirement already satisfied: tenacity>=6.2.0 in ./venv/lib/python3.12/site-packages (from plotly==5.17.0) (8.5.0)
Requirement already satisfied: packaging in ./venv/lib/python3.12/site-packages (from plotly==5.17.0) (24.2)
Requirement already satisfied: six>=1.5 in ./venv/lib/python3.12/site-packages (from python-dateutil>=2.8.2->pandas==2.1.4) (1.17.0)
Downloading pandas-2.1.4-cp312-cp312-manylinux_2_17_x86_64.manylinux2014_x86_64.whl (11.7 MB)
   ━━━━━━━━━━━━━━━━━━━━━━━━━━━━━━━━━━━━━━━━ 11.7/11.7 MB 55.7 MB/s eta 0:00:00
Downloading plotly-5.17.0-py2.py3-none-any.whl (15.6 MB)
   ━━━━━━━━━━━━━━━━━━━━━━━━━━━━━━━━━━━━━━━━ 15.6/15.6 MB 63.5 MB/s eta 0:00:00
Installing collected packages: plotly, pandas
  Attempting uninstall: plotly
    Found existing installation: plotly 6.2.0
    Uninstalling plotly-6.2.0:
      Successfully uninstalled plotly-6.2.0
  Attempting uninstall: pandas
    Found existing installation: pandas 2.3.0
    Uninstalling pandas-2.3.0:
      Successfully uninstalled pandas-2.3.0
Successfully installed pandas-2.1.4 plotly-5.17.0
Collecting openpyxl==3.1.2
  Using cached openpyxl-3.1.2-py2.py3-none-any.whl.metadata (2.5 kB)
Collecting python-docx==1.1.0
  Using cached python_docx-1.1.0-py3-none-any.whl.metadata (2.0 kB)
Collecting pdfplumber==0.10.3
  Using cached pdfplumber-0.10.3-py3-none-any.whl.metadata (38 kB)
Requirement already satisfied: et-xmlfile in ./venv/lib/python3.12/site-packages (from openpyxl==3.1.2) (2.0.0)
Requirement already satisfied: lxml>=3.1.0 in ./venv/lib/python3.12/site-packages (from python-docx==1.1.0) (6.0.0)
Requirement already satisfied: typing-extensions in ./venv/lib/python3.12/site-packages (from python-docx==1.1.0) (4.14.0)
Collecting pdfminer.six==20221105 (from pdfplumber==0.10.3)
  Using cached pdfminer.six-20221105-py3-none-any.whl.metadata (4.0 kB)
Requirement already satisfied: Pillow>=9.1 in ./venv/lib/python3.12/site-packages (from pdfplumber==0.10.3) (11.2.1)
Requirement already satisfied: pypdfium2>=4.18.0 in ./venv/lib/python3.12/site-packages (from pdfplumber==0.10.3) (4.30.1)
Requirement already satisfied: charset-normalizer>=2.0.0 in ./venv/lib/python3.12/site-packages (from pdfminer.six==20221105->pdfplumber==0.10.3) (3.4.2)
Requirement already satisfied: cryptography>=36.0.0 in ./venv/lib/python3.12/site-packages (from pdfminer.six==20221105->pdfplumber==0.10.3) (45.0.4)
Requirement already satisfied: cffi>=1.14 in ./venv/lib/python3.12/site-packages (from cryptography>=36.0.0->pdfminer.six==20221105->pdfplumber==0.10.3) (1.17.1)
Requirement already satisfied: pycparser in ./venv/lib/python3.12/site-packages (from cffi>=1.14->cryptography>=36.0.0->pdfminer.six==20221105->pdfplumber==0.10.3) (2.22)
Downloading openpyxl-3.1.2-py2.py3-none-any.whl (249 kB)
Downloading python_docx-1.1.0-py3-none-any.whl (239 kB)
Downloading pdfplumber-0.10.3-py3-none-any.whl (48 kB)
Downloading pdfminer.six-20221105-py3-none-any.whl (5.6 MB)
   ━━━━━━━━━━━━━━━━━━━━━━━━━━━━━━━━━━━━━━━━ 5.6/5.6 MB 48.1 MB/s eta 0:00:00
Installing collected packages: python-docx, openpyxl, pdfminer.six, pdfplumber
  Attempting uninstall: python-docx
    Found existing installation: python-docx 1.2.0
    Uninstalling python-docx-1.2.0:
      Successfully uninstalled python-docx-1.2.0
  Attempting uninstall: openpyxl
    Found existing installation: openpyxl 3.1.5
    Uninstalling openpyxl-3.1.5:
      Successfully uninstalled openpyxl-3.1.5
  Attempting uninstall: pdfminer.six
    Found existing installation: pdfminer.six 20250506
    Uninstalling pdfminer.six-20250506:
      Successfully uninstalled pdfminer.six-20250506
  Attempting uninstall: pdfplumber
    Found existing installation: pdfplumber 0.11.7
    Uninstalling pdfplumber-0.11.7:
      Successfully uninstalled pdfplumber-0.11.7
Successfully installed openpyxl-3.1.2 pdfminer.six-20221105 pdfplumber-0.10.3 python-docx-1.
1.0
Collecting pymupdf==1.23.8
  Using cached PyMuPDF-1.23.8-cp312-none-manylinux2014_x86_64.whl.metadata (3.4 kB)
Collecting python-pptx==0.6.23
  Using cached python_pptx-0.6.23-py3-none-any.whl.metadata (18 kB)
Collecting extract-msg==0.48.5
  Using cached extract_msg-0.48.5-py3-none-any.whl.metadata (15 kB)
Collecting PyMuPDFb==1.23.7 (from pymupdf==1.23.8)
  Using cached PyMuPDFb-1.23.7-py3-none-manylinux2014_x86_64.manylinux_2_17_x86_64.whl.metadata (1.3 kB)
Requirement already satisfied: lxml>=3.1.0 in ./venv/lib/python3.12/site-packages (from python-pptx==0.6.23) (6.0.0)
Requirement already satisfied: Pillow>=3.3.2 in ./venv/lib/python3.12/site-packages (from python-pptx==0.6.23) (11.2.1)
Collecting XlsxWriter>=0.5.7 (from python-pptx==0.6.23)
  Using cached xlsxwriter-3.2.5-py3-none-any.whl.metadata (2.7 kB)
Requirement already satisfied: olefile==0.47 in ./venv/lib/python3.12/site-packages (from extract-msg==0.48.5) (0.47)
Requirement already satisfied: tzlocal<6,>=4.2 in ./venv/lib/python3.12/site-packages (from extract-msg==0.48.5) (5.3.1)
Requirement already satisfied: compressed-rtf<2,>=1.0.6 in ./venv/lib/python3.12/site-packages (from extract-msg==0.48.5) (1.0.7)
Requirement already satisfied: ebcdic<2,>=1.1.1 in ./venv/lib/python3.12/site-packages (from extract-msg==0.48.5) (1.1.1)
Collecting beautifulsoup4<4.13,>=4.11.1 (from extract-msg==0.48.5)
  Downloading beautifulsoup4-4.12.3-py3-none-any.whl.metadata (3.8 kB)
Requirement already satisfied: RTFDE<0.2,>=0.1.1 in ./venv/lib/python3.12/site-packages (from extract-msg==0.48.5) (0.1.2.1)
Collecting red-black-tree-mod==1.20 (from extract-msg==0.48.5)
  Using cached red-black-tree-mod-1.20.tar.gz (28 kB)
  Preparing metadata (setup.py) ... done
Requirement already satisfied: soupsieve>1.2 in ./venv/lib/python3.12/site-packages (from beautifulsoup4<4.13,>=4.11.1->extract-msg==0.48.5) (2.7)
Requirement already satisfied: lark~=1.1.8 in ./venv/lib/python3.12/site-packages (from RTFDE<0.2,>=0.1.1->extract-msg==0.48.5) (1.1.9)
Requirement already satisfied: oletools>=0.56 in ./venv/lib/python3.12/site-packages (from RTFDE<0.2,>=0.1.1->extract-msg==0.48.5) (0.60.2)
Requirement already satisfied: pyparsing<4,>=2.1.0 in ./venv/lib/python3.12/site-packages (from oletools>=0.56->RTFDE<0.2,>=0.1.1->extract-msg==0.48.5) (3.2.3)
Requirement already satisfied: easygui in ./venv/lib/python3.12/site-packages (from oletools>=0.56->RTFDE<0.2,>=0.1.1->extract-msg==0.48.5) (0.98.3)
Requirement already satisfied: colorclass in ./venv/lib/python3.12/site-packages (from oletools>=0.56->RTFDE<0.2,>=0.1.1->extract-msg==0.48.5) (2.2.2)
Requirement already satisfied: pcodedmp>=1.2.5 in ./venv/lib/python3.12/site-packages (from oletools>=0.56->RTFDE<0.2,>=0.1.1->extract-msg==0.48.5) (1.2.6)
Requirement already satisfied: msoffcrypto-tool in ./venv/lib/python3.12/site-packages (from oletools>=0.56->RTFDE<0.2,>=0.1.1->extract-msg==0.48.5) (5.4.2)
Requirement already satisfied: cryptography>=39.0 in ./venv/lib/python3.12/site-packages (from msoffcrypto-tool->oletools>=0.56->RTFDE<0.2,>=0.1.1->extract-msg==0.48.5) (45.0.4)
Requirement already satisfied: cffi>=1.14 in ./venv/lib/python3.12/site-packages (from cryptography>=39.0->msoffcrypto-tool->oletools>=0.56->RTFDE<0.2,>=0.1.1->extract-msg==0.48.5) (1.17.1)
Requirement already satisfied: pycparser in ./venv/lib/python3.12/site-packages (from cffi>=1.14->cryptography>=39.0->msoffcrypto-tool->oletools>=0.56->RTFDE<0.2,>=0.1.1->extract-msg==0.48.5) (2.22)
Downloading PyMuPDF-1.23.8-cp312-none-manylinux2014_x86_64.whl (4.3 MB)
   ━━━━━━━━━━━━━━━━━━━━━━━━━━━━━━━━━━━━━━━━ 4.3/4.3 MB 12.7 MB/s eta 0:00:00
Downloading python_pptx-0.6.23-py3-none-any.whl (471 kB)
Downloading extract_msg-0.48.5-py3-none-any.whl (330 kB)
Downloading PyMuPDFb-1.23.7-py3-none-manylinux2014_x86_64.manylinux_2_17_x86_64.whl (30.6 MB)
   ━━━━━━━━━━━━━━━━━━━━━━━━━━━━━━━━━━━━━━━━ 30.6/30.6 MB 57.1 MB/s eta 0:00:00
Downloading beautifulsoup4-4.12.3-py3-none-any.whl (147 kB)
Downloading xlsxwriter-3.2.5-py3-none-any.whl (172 kB)
Building wheels for collected packages: red-black-tree-mod
  DEPRECATION: Building 'red-black-tree-mod' using the legacy setup.py bdist_wheel mechanism, which will be removed in a future version. pip 25.3 will enforce this behaviour change. A possible replacement is to use the standardized build interface by setting the `--use-pep517` option, (possibly combined with `--no-build-isolation`), or adding a `pyproject.toml` file to the source tree of 'red-black-tree-mod'. Discussion can be found at https://github.com/pypa/pip/issues/6334
  Building wheel for red-black-tree-mod (setup.py) ... done
  Created wheel for red-black-tree-mod: filename=red_black_tree_mod-1.20-py3-none-any.whl size=18692 sha256=d8d46cfd24f65b012e46c09bbba3f0f04be0085b1065f1e6660f1b5050b4235e
  Stored in directory: /root/.cache/pip/wheels/19/c1/bc/0f4e67ece48705c00f80d47e6db5edcc78936da18909ea9c07
Successfully built red-black-tree-mod
Installing collected packages: red-black-tree-mod, XlsxWriter, PyMuPDFb, beautifulsoup4, python-pptx, pymupdf, extract-msg
  Attempting uninstall: red-black-tree-mod
    Found existing installation: red-black-tree-mod 1.22
    Uninstalling red-black-tree-mod-1.22:
      Successfully uninstalled red-black-tree-mod-1.22
  Attempting uninstall: beautifulsoup4
    Found existing installation: beautifulsoup4 4.13.4
    Uninstalling beautifulsoup4-4.13.4:
      Successfully uninstalled beautifulsoup4-4.13.4
  Attempting uninstall: pymupdf
    Found existing installation: PyMuPDF 1.26.1
    Uninstalling PyMuPDF-1.26.1:
      Successfully uninstalled PyMuPDF-1.26.1
  Attempting uninstall: extract-msg
    Found existing installation: extract-msg 0.54.1
    Uninstalling extract-msg-0.54.1:
      Successfully uninstalled extract-msg-0.54.1
Successfully installed PyMuPDFb-1.23.7 XlsxWriter-3.2.5 beautifulsoup4-4.12.3 extract-msg-0.
48.5 pymupdf-1.23.8 python-pptx-0.6.23 red-black-tree-mod-1.20
Collecting pytesseract==0.3.10
  Using cached pytesseract-0.3.10-py3-none-any.whl.metadata (11 kB)
Collecting pillow==10.1.0
  Using cached Pillow-10.1.0-cp312-cp312-manylinux_2_28_x86_64.whl.metadata (9.5 kB)
Requirement already satisfied: packaging>=21.3 in ./venv/lib/python3.12/site-packages (from pytesseract==0.3.10) (24.2)
Downloading pytesseract-0.3.10-py3-none-any.whl (14 kB)
Downloading Pillow-10.1.0-cp312-cp312-manylinux_2_28_x86_64.whl (3.6 MB)
   ━━━━━━━━━━━━━━━━━━━━━━━━━━━━━━━━━━━━━━━━ 3.6/3.6 MB 43.8 MB/s eta 0:00:00
Installing collected packages: pillow, pytesseract
  Attempting uninstall: pillow
    Found existing installation: pillow 11.2.1
    Uninstalling pillow-11.2.1:
      Successfully uninstalled pillow-11.2.1
  Attempting uninstall: pytesseract
    Found existing installation: pytesseract 0.3.13
    Uninstalling pytesseract-0.3.13:
      Successfully uninstalled pytesseract-0.3.13
Successfully installed pillow-10.1.0 pytesseract-0.3.10
Collecting beautifulsoup4==4.12.2
  Using cached beautifulsoup4-4.12.2-py3-none-any.whl.metadata (3.6 kB)
Collecting lxml==4.9.3
  Using cached lxml-4.9.3-cp312-cp312-manylinux_2_28_x86_64.whl.metadata (3.8 kB)
Collecting striprtf==0.0.26
  Using cached striprtf-0.0.26-py3-none-any.whl.metadata (2.1 kB)
Requirement already satisfied: eml-parser==2.0.0 in ./venv/lib/python3.12/site-packages (2.0.0)
Requirement already satisfied: soupsieve>1.2 in ./venv/lib/python3.12/site-packages (from beautifulsoup4==4.12.2) (2.7)
Requirement already satisfied: python-dateutil in ./venv/lib/python3.12/site-packages (from eml-parser==2.0.0) (2.9.0.post0)
Requirement already satisfied: charset-normalizer in ./venv/lib/python3.12/site-packages (from eml-parser==2.0.0) (3.4.2)
Requirement already satisfied: publicsuffixlist in ./venv/lib/python3.12/site-packages (from eml-parser==2.0.0) (1.0.2.20250627)
Requirement already satisfied: six>=1.5 in ./venv/lib/python3.12/site-packages (from python-dateutil->eml-parser==2.0.0) (1.17.0)
Downloading beautifulsoup4-4.12.2-py3-none-any.whl (142 kB)
Downloading lxml-4.9.3-cp312-cp312-manylinux_2_28_x86_64.whl (8.0 MB)
   ━━━━━━━━━━━━━━━━━━━━━━━━━━━━━━━━━━━━━━━━ 8.0/8.0 MB 41.0 MB/s eta 0:00:00
Downloading striprtf-0.0.26-py3-none-any.whl (6.9 kB)
Installing collected packages: striprtf, lxml, beautifulsoup4
  Attempting uninstall: lxml
    Found existing installation: lxml 6.0.0
    Uninstalling lxml-6.0.0:
      Successfully uninstalled lxml-6.0.0
  Attempting uninstall: beautifulsoup4
    Found existing installation: beautifulsoup4 4.12.3
    Uninstalling beautifulsoup4-4.12.3:
      Successfully uninstalled beautifulsoup4-4.12.3
Successfully installed beautifulsoup4-4.12.2 lxml-4.9.3 striprtf-0.0.26
Collecting spacy==3.7.2
  Using cached spacy-3.7.2-cp312-cp312-manylinux_2_17_x86_64.manylinux2014_x86_64.whl.metadata (25 kB)
Collecting openai==1.3.7
  Using cached openai-1.3.7-py3-none-any.whl.metadata (17 kB)
Collecting python-dotenv==1.0.0
  Using cached python_dotenv-1.0.0-py3-none-any.whl.metadata (21 kB)
Requirement already satisfied: spacy-legacy<3.1.0,>=3.0.11 in ./venv/lib/python3.12/site-packages (from spacy==3.7.2) (3.0.12)
Requirement already satisfied: spacy-loggers<2.0.0,>=1.0.0 in ./venv/lib/python3.12/site-packages (from spacy==3.7.2) (1.0.5)
Requirement already satisfied: murmurhash<1.1.0,>=0.28.0 in ./venv/lib/python3.12/site-packages (from spacy==3.7.2) (1.0.13)
Requirement already satisfied: cymem<2.1.0,>=2.0.2 in ./venv/lib/python3.12/site-packages (from spacy==3.7.2) (2.0.11)
Requirement already satisfied: preshed<3.1.0,>=3.0.2 in ./venv/lib/python3.12/site-packages (from spacy==3.7.2) (3.0.10)
Collecting thinc<8.3.0,>=8.1.8 (from spacy==3.7.2)
  Using cached thinc-8.2.5-cp312-cp312-manylinux_2_17_x86_64.manylinux2014_x86_64.whl.metadata (15 kB)
Requirement already satisfied: wasabi<1.2.0,>=0.9.1 in ./venv/lib/python3.12/site-packages (from spacy==3.7.2) (1.1.3)
Requirement already satisfied: srsly<3.0.0,>=2.4.3 in ./venv/lib/python3.12/site-packages (from spacy==3.7.2) (2.5.1)
Requirement already satisfied: catalogue<2.1.0,>=2.0.6 in ./venv/lib/python3.12/site-packages (from spacy==3.7.2) (2.0.10)
Collecting weasel<0.4.0,>=0.1.0 (from spacy==3.7.2)
  Using cached weasel-0.3.4-py3-none-any.whl.metadata (4.7 kB)
Collecting typer<0.10.0,>=0.3.0 (from spacy==3.7.2)
  Using cached typer-0.9.4-py3-none-any.whl.metadata (14 kB)
Collecting smart-open<7.0.0,>=5.2.1 (from spacy==3.7.2)
  Using cached smart_open-6.4.0-py3-none-any.whl.metadata (21 kB)
Requirement already satisfied: tqdm<5.0.0,>=4.38.0 in ./venv/lib/python3.12/site-packages (from spacy==3.7.2) (4.67.1)
Requirement already satisfied: requests<3.0.0,>=2.13.0 in ./venv/lib/python3.12/site-packages (from spacy==3.7.2) (2.32.4)
Requirement already satisfied: pydantic!=1.8,!=1.8.1,<3.0.0,>=1.7.4 in ./venv/lib/python3.12/site-packages (from spacy==3.7.2) (2.11.7)
Requirement already satisfied: jinja2 in ./venv/lib/python3.12/site-packages (from spacy==3.7.2) (3.1.6)
Requirement already satisfied: setuptools in ./venv/lib/python3.12/site-packages (from spacy==3.7.2) (80.9.0)
Requirement already satisfied: packaging>=20.0 in ./venv/lib/python3.12/site-packages (from spacy==3.7.2) (24.2)
Requirement already satisfied: langcodes<4.0.0,>=3.2.0 in ./venv/lib/python3.12/site-packages (from spacy==3.7.2) (3.5.0)
Requirement already satisfied: numpy>=1.19.0 in ./venv/lib/python3.12/site-packages (from spacy==3.7.2) (1.26.4)
Collecting anyio<4,>=3.5.0 (from openai==1.3.7)
  Using cached anyio-3.7.1-py3-none-any.whl.metadata (4.7 kB)
Requirement already satisfied: distro<2,>=1.7.0 in ./venv/lib/python3.12/site-packages (from openai==1.3.7) (1.9.0)
Requirement already satisfied: httpx<1,>=0.23.0 in ./venv/lib/python3.12/site-packages (from openai==1.3.7) (0.28.1)
Requirement already satisfied: sniffio in ./venv/lib/python3.12/site-packages (from openai==1.3.7) (1.3.1)
Requirement already satisfied: typing-extensions<5,>=4.5 in ./venv/lib/python3.12/site-packages (from openai==1.3.7) (4.14.0)
Requirement already satisfied: idna>=2.8 in ./venv/lib/python3.12/site-packages (from anyio<4,>=3.5.0->openai==1.3.7) (3.10)
Requirement already satisfied: certifi in ./venv/lib/python3.12/site-packages (from httpx<1,>=0.23.0->openai==1.3.7) (2025.6.15)
Requirement already satisfied: httpcore==1.* in ./venv/lib/python3.12/site-packages (from httpx<1,>=0.23.0->openai==1.3.7) (1.0.9)
Requirement already satisfied: h11>=0.16 in ./venv/lib/python3.12/site-packages (from httpcore==1.*->httpx<1,>=0.23.0->openai==1.3.7) (0.16.0)
Requirement already satisfied: language-data>=1.2 in ./venv/lib/python3.12/site-packages (from langcodes<4.0.0,>=3.2.0->spacy==3.7.2) (1.3.0)
Requirement already satisfied: annotated-types>=0.6.0 in ./venv/lib/python3.12/site-packages (from pydantic!=1.8,!=1.8.1,<3.0.0,>=1.7.4->spacy==3.7.2) (0.7.0)
Requirement already satisfied: pydantic-core==2.33.2 in ./venv/lib/python3.12/site-packages (from pydantic!=1.8,!=1.8.1,<3.0.0,>=1.7.4->spacy==3.7.2) (2.33.2)
Requirement already satisfied: typing-inspection>=0.4.0 in ./venv/lib/python3.12/site-packages (from pydantic!=1.8,!=1.8.1,<3.0.0,>=1.7.4->spacy==3.7.2) (0.4.1)
Requirement already satisfied: charset_normalizer<4,>=2 in ./venv/lib/python3.12/site-packages (from requests<3.0.0,>=2.13.0->spacy==3.7.2) (3.4.2)
Requirement already satisfied: urllib3<3,>=1.21.1 in ./venv/lib/python3.12/site-packages (from requests<3.0.0,>=2.13.0->spacy==3.7.2) (2.5.0)
Collecting blis<0.8.0,>=0.7.8 (from thinc<8.3.0,>=8.1.8->spacy==3.7.2)
  Downloading blis-0.7.11-cp312-cp312-manylinux_2_17_x86_64.manylinux2014_x86_64.whl.metadata (7.4 kB)
Requirement already satisfied: confection<1.0.0,>=0.0.1 in ./venv/lib/python3.12/site-packages (from thinc<8.3.0,>=8.1.8->spacy==3.7.2) (0.1.5)
Requirement already satisfied: click<9.0.0,>=7.1.1 in ./venv/lib/python3.12/site-packages (from typer<0.10.0,>=0.3.0->spacy==3.7.2) (8.2.1)
Collecting cloudpathlib<0.17.0,>=0.7.0 (from weasel<0.4.0,>=0.1.0->spacy==3.7.2)
  Downloading cloudpathlib-0.16.0-py3-none-any.whl.metadata (14 kB)
Requirement already satisfied: marisa-trie>=1.1.0 in ./venv/lib/python3.12/site-packages (from language-data>=1.2->langcodes<4.0.0,>=3.2.0->spacy==3.7.2) (1.2.1)
Requirement already satisfied: MarkupSafe>=2.0 in ./venv/lib/python3.12/site-packages (from jinja2->spacy==3.7.2) (3.0.2)
Downloading spacy-3.7.2-cp312-cp312-manylinux_2_17_x86_64.manylinux2014_x86_64.whl (6.4 MB)
   ━━━━━━━━━━━━━━━━━━━━━━━━━━━━━━━━━━━━━━━━ 6.4/6.4 MB 7.4 MB/s eta 0:00:00
Downloading openai-1.3.7-py3-none-any.whl (221 kB)
Downloading python_dotenv-1.0.0-py3-none-any.whl (19 kB)
Downloading anyio-3.7.1-py3-none-any.whl (80 kB)
Downloading smart_open-6.4.0-py3-none-any.whl (57 kB)
Downloading thinc-8.2.5-cp312-cp312-manylinux_2_17_x86_64.manylinux2014_x86_64.whl (865 kB)
   ━━━━━━━━━━━━━━━━━━━━━━━━━━━━━━━━━━━━━━━━ 865.0/865.0 kB 35.5 MB/s eta 0:00:00
Downloading blis-0.7.11-cp312-cp312-manylinux_2_17_x86_64.manylinux2014_x86_64.whl (10.2 MB)
   ━━━━━━━━━━━━━━━━━━━━━━━━━━━━━━━━━━━━━━━━ 10.2/10.2 MB 61.3 MB/s eta 0:00:00
Downloading typer-0.9.4-py3-none-any.whl (45 kB)
Downloading weasel-0.3.4-py3-none-any.whl (50 kB)
Downloading cloudpathlib-0.16.0-py3-none-any.whl (45 kB)
Installing collected packages: typer, smart-open, python-dotenv, cloudpathlib, blis, anyio, openai, weasel, thinc, spacy
  Attempting uninstall: typer
    Found existing installation: typer 0.16.0
    Uninstalling typer-0.16.0:
      Successfully uninstalled typer-0.16.0
  Attempting uninstall: smart-open
    Found existing installation: smart-open 7.1.0
    Uninstalling smart-open-7.1.0:
      Successfully uninstalled smart-open-7.1.0
  Attempting uninstall: python-dotenv
    Found existing installation: python-dotenv 1.1.1
    Uninstalling python-dotenv-1.1.1:
      Successfully uninstalled python-dotenv-1.1.1
  Attempting uninstall: cloudpathlib
    Found existing installation: cloudpathlib 0.21.1
    Uninstalling cloudpathlib-0.21.1:
      Successfully uninstalled cloudpathlib-0.21.1
  Attempting uninstall: blis
    Found existing installation: blis 1.3.0
    Uninstalling blis-1.3.0:
      Successfully uninstalled blis-1.3.0
  Attempting uninstall: anyio
    Found existing installation: anyio 4.9.0
    Uninstalling anyio-4.9.0:
      Successfully uninstalled anyio-4.9.0
  Attempting uninstall: openai
    Found existing installation: openai 1.93.0
    Uninstalling openai-1.93.0:
      Successfully uninstalled openai-1.93.0
  Attempting uninstall: weasel
    Found existing installation: weasel 0.4.1
    Uninstalling weasel-0.4.1:
      Successfully uninstalled weasel-0.4.1
  Attempting uninstall: thinc
    Found existing installation: thinc 8.3.6
    Uninstalling thinc-8.3.6:
      Successfully uninstalled thinc-8.3.6
  Attempting uninstall: spacy
    Found existing installation: spacy 3.8.7
    Uninstalling spacy-3.8.7:
      Successfully uninstalled spacy-3.8.7
ERROR: pip's dependency resolver does not currently take into account all the packages that 
are installed. This behaviour is the source of the following dependency conflicts.
langchain-openai 0.3.27 requires langchain-core<1.0.0,>=0.3.66, but you have langchain-core 0.2.43 which is incompatible.
langchain-openai 0.3.27 requires openai<2.0.0,>=1.86.0, but you have openai 1.3.7 which is incompatible.
Successfully installed anyio-3.7.1 blis-0.7.11 cloudpathlib-0.16.0 openai-1.3.7 python-dotenv-1.0.0 smart-open-6.4.0 spacy-3.7.2 thinc-8.2.5 typer-0.9.4 weasel-0.3.4
Collecting pt-core-news-sm==3.7.0
  Downloading https://github.com/explosion/spacy-models/releases/download/pt_core_news_sm-3.7.0/pt_core_news_sm-3.7.0-py3-none-any.whl (13.0 MB)
     ━━━━━━━━━━━━━━━━━━━━━━━━━━━━━━━━━━━━━━━━ 13.0/13.0 MB 65.1 MB/s eta 0:00:00
Requirement already satisfied: spacy<3.8.0,>=3.7.0 in ./venv/lib/python3.12/site-packages (from pt-core-news-sm==3.7.0) (3.7.2)
Requirement already satisfied: spacy-legacy<3.1.0,>=3.0.11 in ./venv/lib/python3.12/site-packages (from spacy<3.8.0,>=3.7.0->pt-core-news-sm==3.7.0) (3.0.12)
Requirement already satisfied: spacy-loggers<2.0.0,>=1.0.0 in ./venv/lib/python3.12/site-packages (from spacy<3.8.0,>=3.7.0->pt-core-news-sm==3.7.0) (1.0.5)
Requirement already satisfied: murmurhash<1.1.0,>=0.28.0 in ./venv/lib/python3.12/site-packages (from spacy<3.8.0,>=3.7.0->pt-core-news-sm==3.7.0) (1.0.13)
Requirement already satisfied: cymem<2.1.0,>=2.0.2 in ./venv/lib/python3.12/site-packages (from spacy<3.8.0,>=3.7.0->pt-core-news-sm==3.7.0) (2.0.11)
Requirement already satisfied: preshed<3.1.0,>=3.0.2 in ./venv/lib/python3.12/site-packages (from spacy<3.8.0,>=3.7.0->pt-core-news-sm==3.7.0) (3.0.10)
Requirement already satisfied: thinc<8.3.0,>=8.1.8 in ./venv/lib/python3.12/site-packages (from spacy<3.8.0,>=3.7.0->pt-core-news-sm==3.7.0) (8.2.5)
Requirement already satisfied: wasabi<1.2.0,>=0.9.1 in ./venv/lib/python3.12/site-packages (from spacy<3.8.0,>=3.7.0->pt-core-news-sm==3.7.0) (1.1.3)
Requirement already satisfied: srsly<3.0.0,>=2.4.3 in ./venv/lib/python3.12/site-packages (from spacy<3.8.0,>=3.7.0->pt-core-news-sm==3.7.0) (2.5.1)
Requirement already satisfied: catalogue<2.1.0,>=2.0.6 in ./venv/lib/python3.12/site-packages (from spacy<3.8.0,>=3.7.0->pt-core-news-sm==3.7.0) (2.0.10)
Requirement already satisfied: weasel<0.4.0,>=0.1.0 in ./venv/lib/python3.12/site-packages (from spacy<3.8.0,>=3.7.0->pt-core-news-sm==3.7.0) (0.3.4)
Requirement already satisfied: typer<0.10.0,>=0.3.0 in ./venv/lib/python3.12/site-packages (from spacy<3.8.0,>=3.7.0->pt-core-news-sm==3.7.0) (0.9.4)
Requirement already satisfied: smart-open<7.0.0,>=5.2.1 in ./venv/lib/python3.12/site-packages (from spacy<3.8.0,>=3.7.0->pt-core-news-sm==3.7.0) (6.4.0)
Requirement already satisfied: tqdm<5.0.0,>=4.38.0 in ./venv/lib/python3.12/site-packages (from spacy<3.8.0,>=3.7.0->pt-core-news-sm==3.7.0) (4.67.1)
Requirement already satisfied: requests<3.0.0,>=2.13.0 in ./venv/lib/python3.12/site-packages (from spacy<3.8.0,>=3.7.0->pt-core-news-sm==3.7.0) (2.32.4)
Requirement already satisfied: pydantic!=1.8,!=1.8.1,<3.0.0,>=1.7.4 in ./venv/lib/python3.12/site-packages (from spacy<3.8.0,>=3.7.0->pt-core-news-sm==3.7.0) (2.11.7)
Requirement already satisfied: jinja2 in ./venv/lib/python3.12/site-packages (from spacy<3.8.0,>=3.7.0->pt-core-news-sm==3.7.0) (3.1.6)
Requirement already satisfied: setuptools in ./venv/lib/python3.12/site-packages (from spacy<3.8.0,>=3.7.0->pt-core-news-sm==3.7.0) (80.9.0)
Requirement already satisfied: packaging>=20.0 in ./venv/lib/python3.12/site-packages (from spacy<3.8.0,>=3.7.0->pt-core-news-sm==3.7.0) (24.2)
Requirement already satisfied: langcodes<4.0.0,>=3.2.0 in ./venv/lib/python3.12/site-packages (from spacy<3.8.0,>=3.7.0->pt-core-news-sm==3.7.0) (3.5.0)
Requirement already satisfied: numpy>=1.19.0 in ./venv/lib/python3.12/site-packages (from spacy<3.8.0,>=3.7.0->pt-core-news-sm==3.7.0) (1.26.4)
Requirement already satisfied: language-data>=1.2 in ./venv/lib/python3.12/site-packages (from langcodes<4.0.0,>=3.2.0->spacy<3.8.0,>=3.7.0->pt-core-news-sm==3.7.0) (1.3.0)
Requirement already satisfied: annotated-types>=0.6.0 in ./venv/lib/python3.12/site-packages (from pydantic!=1.8,!=1.8.1,<3.0.0,>=1.7.4->spacy<3.8.0,>=3.7.0->pt-core-news-sm==3.7.0) (0.7.0)
Requirement already satisfied: pydantic-core==2.33.2 in ./venv/lib/python3.12/site-packages (from pydantic!=1.8,!=1.8.1,<3.0.0,>=1.7.4->spacy<3.8.0,>=3.7.0->pt-core-news-sm==3.7.0) (2.33.2)
Requirement already satisfied: typing-extensions>=4.12.2 in ./venv/lib/python3.12/site-packages (from pydantic!=1.8,!=1.8.1,<3.0.0,>=1.7.4->spacy<3.8.0,>=3.7.0->pt-core-news-sm==3.7.0) (4.14.0)
Requirement already satisfied: typing-inspection>=0.4.0 in ./venv/lib/python3.12/site-packages (from pydantic!=1.8,!=1.8.1,<3.0.0,>=1.7.4->spacy<3.8.0,>=3.7.0->pt-core-news-sm==3.7.0) (0.4.1)
Requirement already satisfied: charset_normalizer<4,>=2 in ./venv/lib/python3.12/site-packages (from requests<3.0.0,>=2.13.0->spacy<3.8.0,>=3.7.0->pt-core-news-sm==3.7.0) (3.4.2)
Requirement already satisfied: idna<4,>=2.5 in ./venv/lib/python3.12/site-packages (from requests<3.0.0,>=2.13.0->spacy<3.8.0,>=3.7.0->pt-core-news-sm==3.7.0) (3.10)
Requirement already satisfied: urllib3<3,>=1.21.1 in ./venv/lib/python3.12/site-packages (from requests<3.0.0,>=2.13.0->spacy<3.8.0,>=3.7.0->pt-core-news-sm==3.7.0) (2.5.0)
Requirement already satisfied: certifi>=2017.4.17 in ./venv/lib/python3.12/site-packages (from requests<3.0.0,>=2.13.0->spacy<3.8.0,>=3.7.0->pt-core-news-sm==3.7.0) (2025.6.15)
Requirement already satisfied: blis<0.8.0,>=0.7.8 in ./venv/lib/python3.12/site-packages (from thinc<8.3.0,>=8.1.8->spacy<3.8.0,>=3.7.0->pt-core-news-sm==3.7.0) (0.7.11)
Requirement already satisfied: confection<1.0.0,>=0.0.1 in ./venv/lib/python3.12/site-packages (from thinc<8.3.0,>=8.1.8->spacy<3.8.0,>=3.7.0->pt-core-news-sm==3.7.0) (0.1.5)
Requirement already satisfied: click<9.0.0,>=7.1.1 in ./venv/lib/python3.12/site-packages (from typer<0.10.0,>=0.3.0->spacy<3.8.0,>=3.7.0->pt-core-news-sm==3.7.0) (8.2.1)
Requirement already satisfied: cloudpathlib<0.17.0,>=0.7.0 in ./venv/lib/python3.12/site-packages (from weasel<0.4.0,>=0.1.0->spacy<3.8.0,>=3.7.0->pt-core-news-sm==3.7.0) (0.16.0)
Requirement already satisfied: marisa-trie>=1.1.0 in ./venv/lib/python3.12/site-packages (from language-data>=1.2->langcodes<4.0.0,>=3.2.0->spacy<3.8.0,>=3.7.0->pt-core-news-sm==3.7.0) (1.2.1)
Requirement already satisfied: MarkupSafe>=2.0 in ./venv/lib/python3.12/site-packages (from jinja2->spacy<3.8.0,>=3.7.0->pt-core-news-sm==3.7.0) (3.0.2)
Installing collected packages: pt-core-news-sm
  Attempting uninstall: pt-core-news-sm
    Found existing installation: pt_core_news_sm 3.8.0
    Uninstalling pt_core_news_sm-3.8.0:
      Successfully uninstalled pt_core_news_sm-3.8.0
Successfully installed pt-core-news-sm-3.7.0
✔ Download and installation successful
You can now load the package via spacy.load('pt_core_news_sm')
Traceback (most recent call last):
  File "<string>", line 1, in <module>
  File "/opt/privacy/venv/lib/python3.12/site-packages/langchain_openai/__init__.py", line 1, in <module>
    from langchain_openai.chat_models import AzureChatOpenAI, ChatOpenAI
  File "/opt/privacy/venv/lib/python3.12/site-packages/langchain_openai/chat_models/__init__.py", line 1, in <module>
    from langchain_openai.chat_models.azure import AzureChatOpenAI
  File "/opt/privacy/venv/lib/python3.12/site-packages/langchain_openai/chat_models/azure.py", line 21, in <module>
    from langchain_openai.chat_models.base import BaseChatOpenAI
  File "/opt/privacy/venv/lib/python3.12/site-packages/langchain_openai/chat_models/base.py", line 47, in <module>
    from langchain_core.messages import (
ImportError: cannot import name 'convert_to_openai_data_block' from 'langchain_core.messages' (/opt/privacy/venv/lib/python3.12/site-packages/langchain_core/messages/__init__.py)
Traceback (most recent call last):
  File "/opt/privacy/database_postgresql.py", line 10, in <module>
    import asyncpg
ModuleNotFoundError: No module named 'asyncpg'
✅ Conectado ao banco SQLite
✅ Tabelas criadas
✅ Dados iniciais carregados com sucesso
✅ 38 padrões regex inseridos
✅ 40 prioridades empresariais inseridas
✅ Database populated successfully
(venv) root@monster:/opt/privacy# 