 (0.45.1)
Requirement already satisfied: packaging>=19.1 in ./venv/lib/python3.12/site-packages (from build>=1.0.0->pip-tools) (24.2)
Downloading pip_tools-7.4.1-py3-none-any.whl (61 kB)
Downloading build-1.2.2.post1-py3-none-any.whl (22 kB)
Downloading pyproject_hooks-1.2.0-py3-none-any.whl (10 kB)
Installing collected packages: pyproject-hooks, build, pip-tools
Successfully installed build-1.2.2.post1 pip-tools-7.4.1 pyproject-hooks-1.2.0
ðŸ“¦ Gerando lockfile de dependÃªncias...
  ERROR: Could not find a version that satisfies the requirement langchain-text-splitters<0.3.0,>=0.2.17 (from versions: 0.0.1, 0.0.2, 0.2.0, 0.2.1, 0.2.2, 0.2.4, 0.3.0.dev0, 0.3.0.dev1, 0.3.0, 0.3.1, 0.3.2, 0.3.3, 0.3.4, 0.3.5, 0.3.6rc1, 0.3.6rc2, 0.3.6, 0.3.7, 0.3.8)
Traceback (most recent call last):
  File "/opt/privacy/venv/lib/python3.12/site-packages/pip/_vendor/resolvelib/resolvers/resolution.py", line 388, in resolve
    self._add_to_criteria(self.state.criteria, r, parent=None)
  File "/opt/privacy/venv/lib/python3.12/site-packages/pip/_vendor/resolvelib/resolvers/resolution.py", line 142, in _add_to_criteria
    raise RequirementsConflicted(criterion)
pip._vendor.resolvelib.resolvers.exceptions.RequirementsConflicted: Requirements conflict: SpecifierRequirement('langchain-text-splitters<0.3.0,>=0.2.17')

The above exception was the direct cause of the following exception:

Traceback (most recent call last):
  File "/opt/privacy/venv/lib/python3.12/site-packages/pip/_internal/resolution/resolvelib/resolver.py", line 96, in resolve
    result = self._result = resolver.resolve(
                            ^^^^^^^^^^^^^^^^^
  File "/opt/privacy/venv/lib/python3.12/site-packages/pip/_vendor/resolvelib/resolvers/resolution.py", line 515, in resolve
    state = resolution.resolve(requirements, max_rounds=max_rounds)
            ^^^^^^^^^^^^^^^^^^^^^^^^^^^^^^^^^^^^^^^^^^^^^^^^^^^^^^^
  File "/opt/privacy/venv/lib/python3.12/site-packages/pip/_vendor/resolvelib/resolvers/resolution.py", line 390, in resolve
    raise ResolutionImpossible(e.criterion.information) from e
pip._vendor.resolvelib.resolvers.exceptions.ResolutionImpossible: [RequirementInformation(requirement=SpecifierRequirement('langchain-text-splitters<0.3.0,>=0.2.17'), parent=None)]

The above exception was the direct cause of the following exception:

Traceback (most recent call last):
  File "/opt/privacy/venv/bin/pip-compile", line 8, in <module>
    sys.exit(cli())
             ^^^^^
  File "/opt/privacy/venv/lib/python3.12/site-packages/click/core.py", line 1442, in __call__
    return self.main(*args, **kwargs)
           ^^^^^^^^^^^^^^^^^^^^^^^^^^
  File "/opt/privacy/venv/lib/python3.12/site-packages/click/core.py", line 1363, in main
    rv = self.invoke(ctx)
         ^^^^^^^^^^^^^^^^
  File "/opt/privacy/venv/lib/python3.12/site-packages/click/core.py", line 1226, in invoke
    return ctx.invoke(self.callback, **ctx.params)
           ^^^^^^^^^^^^^^^^^^^^^^^^^^^^^^^^^^^^^^^
  File "/opt/privacy/venv/lib/python3.12/site-packages/click/core.py", line 794, in invoke
    return callback(*args, **kwargs)
           ^^^^^^^^^^^^^^^^^^^^^^^^^
  File "/opt/privacy/venv/lib/python3.12/site-packages/click/decorators.py", line 34, in new_func
    return f(get_current_context(), *args, **kwargs)
           ^^^^^^^^^^^^^^^^^^^^^^^^^^^^^^^^^^^^^^^^^
  File "/opt/privacy/venv/lib/python3.12/site-packages/piptools/scripts/compile.py", line 470, in cli
    results = resolver.resolve(max_rounds=max_rounds)
              ^^^^^^^^^^^^^^^^^^^^^^^^^^^^^^^^^^^^^^^
  File "/opt/privacy/venv/lib/python3.12/site-packages/piptools/resolver.py", line 604, in resolve
    is_resolved = self._do_resolve(
                  ^^^^^^^^^^^^^^^^^
  File "/opt/privacy/venv/lib/python3.12/site-packages/piptools/resolver.py", line 636, in _do_resolve
    resolver.resolve(
  File "/opt/privacy/venv/lib/python3.12/site-packages/pip/_internal/resolution/resolvelib/resolver.py", line 105, in resolve
    raise error from e
pip._internal.exceptions.DistributionNotFound: No matching distribution found for langchain-text-splitters<0.3.0,>=0.2.17
root@monster:/opt/privacy/scripts# 